[14:57:42.503] [INFO] storybook v10.4.2
[14:57:43.301] [DEBUG] Getting package.json info for /Users/sehyun/isomer/packages/components/package.json...
[14:57:43.308] [WARN] Could not resolve addon "@storybook/addon-links", skipping. Is it installed?
[14:57:43.310] [WARN] Could not resolve addon "@storybook/addon-themes", skipping. Is it installed?
[14:57:43.311] [WARN] Could not resolve addon "@storybook/addon-a11y", skipping. Is it installed?
[14:57:43.312] [WARN] Could not resolve addon "storybook-addon-pseudo-states", skipping. Is it installed?
[14:57:43.313] [WARN] Could not resolve addon "@storybook/addon-docs", skipping. Is it installed?
[14:57:43.315] [ERROR] [38;2;241;97;97mSB_CORE-SERVER_0002 (CriticalPresetLoadError): Storybook failed to load the following preset: @storybook/react-vite/preset.

Please check whether your setup is correct, the Storybook dependencies (and their peer dependencies) are installed correctly and there are no package version clashes.

If you believe this is a bug, please open an issue on Github.

Error [ERR_MODULE_NOT_FOUND]: Cannot find package '@storybook/react-vite' imported from /Users/sehyun/node_modules/storybook/dist/_node-chunks/chunk-3MJQGFKY.js
    at Object.getPackageJSONURL (node:internal/modules/package_json_reader:301:9)
    at packageResolve (node:internal/modules/esm/resolve:768:81)
    at moduleResolve (node:internal/modules/esm/resolve:859:18)
    at defaultResolve (node:internal/modules/esm/resolve:992:11)
    at nextResolve (node:internal/modules/esm/hooks:785:28)
    at AsyncLoaderHooksOnLoaderHookWorker.resolve (node:internal/modules/esm/hooks:269:30)
    at MessagePort.handleMessage (node:internal/modules/esm/worker:251:24)
    at [nodejs.internal.kHybridDispatch] (node:internal/event_target:843:20)
    at MessagePort.<anonymous> (node:internal/per_context/messageport:23:28)

More info: 
[39m
    at loadPreset (file:///Users/sehyun/node_modules/storybook/dist/_node-chunks/chunk-FL7EBVLJ.js:9157:13)
    at async Promise.all (index 0)
    at async loadPresets (file:///Users/sehyun/node_modules/storybook/dist/_node-chunks/chunk-FL7EBVLJ.js:9166:73)
    at async getPresets (file:///Users/sehyun/node_modules/storybook/dist/_node-chunks/chunk-FL7EBVLJ.js:9197:23)
    at async buildDevStandalone (file:///Users/sehyun/node_modules/storybook/dist/core-server/index.js:19412:52)
    at async withTelemetry (file:///Users/sehyun/node_modules/storybook/dist/_node-chunks/chunk-PU4IASEN.js:655:12)
    at async dev (file:///Users/sehyun/node_modules/storybook/dist/bin/core.js:2735:3)
    at async _Command.<anonymous> (file:///Users/sehyun/node_modules/storybook/dist/bin/core.js:2805:92)
[14:57:43.316] [WARN] Broken build, fix the error above.
You may need to refresh the browser.
[14:57:43.317] [WARN] Could not resolve addon "@storybook/addon-links", skipping. Is it installed?
[14:57:43.317] [WARN] Could not resolve addon "@storybook/addon-themes", skipping. Is it installed?
[14:57:43.317] [WARN] Could not resolve addon "@storybook/addon-a11y", skipping. Is it installed?
[14:57:43.317] [WARN] Could not resolve addon "storybook-addon-pseudo-states", skipping. Is it installed?
[14:57:43.317] [WARN] Could not resolve addon "@storybook/addon-docs", skipping. Is it installed?